D:\2018\025.DAY-THEM\009.VIDU\TEMPLATE\OBJECT\OBJECT\OBJECT\DEBUG\SOURCE.OBJ
D:\2018\025.DAY-THEM\009.VIDU\TEMPLATE\OBJECT\OBJECT\OBJECT\DEBUG\VC110.PDB
D:\2018\025.DAY-THEM\009.VIDU\TEMPLATE\OBJECT\OBJECT\DEBUG\OBJECT.ILK
D:\2018\025.DAY-THEM\009.VIDU\TEMPLATE\OBJECT\OBJECT\DEBUG\OBJECT.EXE
D:\2018\025.DAY-THEM\009.VIDU\TEMPLATE\OBJECT\OBJECT\DEBUG\OBJECT.PDB
D:\2018\025.DAY-THEM\009.vidu\template\object\object\object\Debug\Source.obj
D:\2018\025.DAY-THEM\009.vidu\template\object\object\object\Debug\cl.command.1.tlog
D:\2018\025.DAY-THEM\009.vidu\template\object\object\object\Debug\CL.read.1.tlog
D:\2018\025.DAY-THEM\009.vidu\template\object\object\object\Debug\CL.write.1.tlog
D:\2018\025.DAY-THEM\009.vidu\template\object\object\object\Debug\link-cvtres.read.1.tlog
D:\2018\025.DAY-THEM\009.vidu\template\object\object\object\Debug\link-cvtres.write.1.tlog
D:\2018\025.DAY-THEM\009.vidu\template\object\object\object\Debug\link-rc.read.1.tlog
D:\2018\025.DAY-THEM\009.vidu\template\object\object\object\Debug\link-rc.write.1.tlog
D:\2018\025.DAY-THEM\009.vidu\template\object\object\object\Debug\link.7264-cvtres.read.1.tlog
D:\2018\025.DAY-THEM\009.vidu\template\object\object\object\Debug\link.7264-cvtres.write.1.tlog
D:\2018\025.DAY-THEM\009.vidu\template\object\object\object\Debug\link.7264-rc.read.1.tlog
D:\2018\025.DAY-THEM\009.vidu\template\object\object\object\Debug\link.7264-rc.write.1.tlog
D:\2018\025.DAY-THEM\009.vidu\template\object\object\object\Debug\link.7264.read.1.tlog
D:\2018\025.DAY-THEM\009.vidu\template\object\object\object\Debug\link.7264.write.1.tlog
D:\2018\025.DAY-THEM\009.vidu\template\object\object\object\Debug\link.command.1.tlog
D:\2018\025.DAY-THEM\009.vidu\template\object\object\object\Debug\link.read.1.tlog
D:\2018\025.DAY-THEM\009.vidu\template\object\object\object\Debug\link.write.1.tlog
D:\2018\025.DAY-THEM\009.vidu\template\object\object\object\Debug\vc110.idb
D:\2018\025.DAY-THEM\009.vidu\template\object\object\object\Debug\vc110.pdb
D:\2018\025.DAY-THEM\009.vidu\template\object\object\Debug\object.pdb
D:\2018\025.DAY-THEM\009.vidu\template\object\object\Debug\object.exe
D:\2018\025.DAY-THEM\009.vidu\template\object\object\Debug\object.ilk
